[2019-04-08T09:55:14.897] [INFO] access - ::1 - - "GET / HTTP/1.1" 200 11 "" "Mozilla/5.0 (Windows NT 10.0; Win64; x64) AppleWebKit/537.36 (KHTML, like Gecko) Chrome/73.0.3683.86 Safari/537.36"
[2019-04-08T09:55:14.978] [INFO] access - ::1 - - "GET /favicon.ico HTTP/1.1" 200 11 "http://localhost:9999/" "Mozilla/5.0 (Windows NT 10.0; Win64; x64) AppleWebKit/537.36 (KHTML, like Gecko) Chrome/73.0.3683.86 Safari/537.36"
[2019-04-08T09:55:20.780] [INFO] access - ::1 - - "GET / HTTP/1.1" 200 11 "" "Mozilla/5.0 (Windows NT 10.0; Win64; x64) AppleWebKit/537.36 (KHTML, like Gecko) Chrome/73.0.3683.86 Safari/537.36"
[2019-04-08T09:55:20.851] [INFO] access - ::1 - - "GET /favicon.ico HTTP/1.1" 200 11 "http://localhost:9999/" "Mozilla/5.0 (Windows NT 10.0; Win64; x64) AppleWebKit/537.36 (KHTML, like Gecko) Chrome/73.0.3683.86 Safari/537.36"
[2019-04-08T10:05:58.296] [INFO] access - ::1 - - "GET /favicon.ico HTTP/1.1" 200 11 "http://localhost:9999/" "Mozilla/5.0 (Windows NT 10.0; Win64; x64) AppleWebKit/537.36 (KHTML, like Gecko) Chrome/73.0.3683.86 Safari/537.36"
[2019-04-08T10:06:38.121] [INFO] access - ::1 - - "GET /favicon.ico HTTP/1.1" 200 11 "http://localhost:9999/" "Mozilla/5.0 (Windows NT 10.0; Win64; x64) AppleWebKit/537.36 (KHTML, like Gecko) Chrome/73.0.3683.86 Safari/537.36"
[2019-04-08T11:08:41.234] [INFO] access - ::1 - - "GET /favicon.ico HTTP/1.1" 404 - "http://localhost:9999/" "Mozilla/5.0 (Windows NT 10.0; Win64; x64) AppleWebKit/537.36 (KHTML, like Gecko) Chrome/73.0.3683.86 Safari/537.36"
[2019-04-08T11:08:53.993] [INFO] access - ::1 - - "GET / HTTP/1.1" 404 - "" "Mozilla/5.0 (Windows NT 10.0; Win64; x64) AppleWebKit/537.36 (KHTML, like Gecko) Chrome/73.0.3683.86 Safari/537.36"
[2019-04-08T11:08:57.366] [INFO] access - ::1 - - "GET / HTTP/1.1" 404 - "" "Mozilla/5.0 (Windows NT 10.0; Win64; x64) AppleWebKit/537.36 (KHTML, like Gecko) Chrome/73.0.3683.86 Safari/537.36"
[2019-04-08T11:09:46.660] [INFO] access - ::1 - - "GET / HTTP/1.1" 200 11 "" "Mozilla/5.0 (Windows NT 10.0; Win64; x64) AppleWebKit/537.36 (KHTML, like Gecko) Chrome/73.0.3683.86 Safari/537.36"
[2019-04-08T11:09:49.158] [INFO] access - ::1 - - "GET / HTTP/1.1" 200 11 "" "Mozilla/5.0 (Windows NT 10.0; Win64; x64) AppleWebKit/537.36 (KHTML, like Gecko) Chrome/73.0.3683.86 Safari/537.36"
[2019-04-08T11:11:32.203] [INFO] access - ::1 - - "GET / HTTP/1.1" 200 12 "" "Mozilla/5.0 (Windows NT 10.0; Win64; x64) AppleWebKit/537.36 (KHTML, like Gecko) Chrome/73.0.3683.86 Safari/537.36"
[2019-04-08T11:11:38.402] [INFO] access - ::1 - - "GET / HTTP/1.1" 200 15 "" "Mozilla/5.0 (Windows NT 10.0; Win64; x64) AppleWebKit/537.36 (KHTML, like Gecko) Chrome/73.0.3683.86 Safari/537.36"
[2019-04-08T11:12:57.090] [INFO] access - ::1 - - "GET / HTTP/1.1" 200 15 "" "Mozilla/5.0 (Windows NT 10.0; Win64; x64) AppleWebKit/537.36 (KHTML, like Gecko) Chrome/73.0.3683.86 Safari/537.36"
[2019-04-08T11:13:00.542] [INFO] access - ::1 - - "GET /index HTTP/1.1" 200 15 "" "Mozilla/5.0 (Windows NT 10.0; Win64; x64) AppleWebKit/537.36 (KHTML, like Gecko) Chrome/73.0.3683.86 Safari/537.36"
[2019-04-08T11:13:04.631] [INFO] access - ::1 - - "GET /index.html HTTP/1.1" 200 15 "" "Mozilla/5.0 (Windows NT 10.0; Win64; x64) AppleWebKit/537.36 (KHTML, like Gecko) Chrome/73.0.3683.86 Safari/537.36"
[2019-04-08T11:13:06.344] [INFO] access - ::1 - - "GET /index.html HTTP/1.1" 200 15 "" "Mozilla/5.0 (Windows NT 10.0; Win64; x64) AppleWebKit/537.36 (KHTML, like Gecko) Chrome/73.0.3683.86 Safari/537.36"
[2019-04-08T11:14:49.307] [INFO] access - ::1 - - "GET /index.html HTTP/1.1" 200 15 "" "Mozilla/5.0 (Windows NT 10.0; Win64; x64) AppleWebKit/537.36 (KHTML, like Gecko) Chrome/73.0.3683.86 Safari/537.36"
[2019-04-08T11:14:49.992] [INFO] access - ::1 - - "GET /index.html HTTP/1.1" 200 15 "" "Mozilla/5.0 (Windows NT 10.0; Win64; x64) AppleWebKit/537.36 (KHTML, like Gecko) Chrome/73.0.3683.86 Safari/537.36"
[2019-04-08T11:15:51.148] [INFO] access - ::1 - - "GET /news HTTP/1.1" 200 12 "" "Mozilla/5.0 (Windows NT 10.0; Win64; x64) AppleWebKit/537.36 (KHTML, like Gecko) Chrome/73.0.3683.86 Safari/537.36"
[2019-04-08T11:18:41.675] [INFO] access - ::1 - - "GET /news HTTP/1.1" 200 12 "" "Mozilla/5.0 (Windows NT 10.0; Win64; x64) AppleWebKit/537.36 (KHTML, like Gecko) Chrome/73.0.3683.86 Safari/537.36"
[2019-04-08T11:27:43.883] [INFO] access - ::1 - - "GET /news HTTP/1.1" 200 12 "" "Mozilla/5.0 (Windows NT 10.0; Win64; x64) AppleWebKit/537.36 (KHTML, like Gecko) Chrome/73.0.3683.86 Safari/537.36"
[2019-04-08T11:32:59.180] [INFO] access - ::1 - - "GET / HTTP/1.1" 200 330 "" "Mozilla/5.0 (Windows NT 10.0; Win64; x64) AppleWebKit/537.36 (KHTML, like Gecko) Chrome/73.0.3683.86 Safari/537.36"
[2019-04-08T11:33:01.045] [INFO] access - ::1 - - "GET / HTTP/1.1" 200 330 "" "Mozilla/5.0 (Windows NT 10.0; Win64; x64) AppleWebKit/537.36 (KHTML, like Gecko) Chrome/73.0.3683.86 Safari/537.36"
[2019-04-08T11:33:01.491] [INFO] access - ::1 - - "GET / HTTP/1.1" 200 330 "" "Mozilla/5.0 (Windows NT 10.0; Win64; x64) AppleWebKit/537.36 (KHTML, like Gecko) Chrome/73.0.3683.86 Safari/537.36"
[2019-04-08T11:34:52.604] [INFO] access - ::1 - - "GET /news HTTP/1.1" 200 12 "" "Mozilla/5.0 (Windows NT 10.0; Win64; x64) AppleWebKit/537.36 (KHTML, like Gecko) Chrome/73.0.3683.86 Safari/537.36"
[2019-04-08T11:37:59.513] [INFO] access - ::1 - - "GET /news HTTP/1.1" 200 336 "" "Mozilla/5.0 (Windows NT 10.0; Win64; x64) AppleWebKit/537.36 (KHTML, like Gecko) Chrome/73.0.3683.86 Safari/537.36"
[2019-04-08T11:38:38.372] [INFO] access - ::1 - - "GET /news HTTP/1.1" 200 336 "" "Mozilla/5.0 (Windows NT 10.0; Win64; x64) AppleWebKit/537.36 (KHTML, like Gecko) Chrome/73.0.3683.86 Safari/537.36"
[2019-04-08T11:38:59.715] [INFO] access - ::1 - - "GET /news HTTP/1.1" 200 339 "" "Mozilla/5.0 (Windows NT 10.0; Win64; x64) AppleWebKit/537.36 (KHTML, like Gecko) Chrome/73.0.3683.86 Safari/537.36"
[2019-04-08T11:43:25.375] [INFO] access - ::1 - - "GET /news HTTP/1.1" 200 394 "" "Mozilla/5.0 (Windows NT 10.0; Win64; x64) AppleWebKit/537.36 (KHTML, like Gecko) Chrome/73.0.3683.86 Safari/537.36"
[2019-04-08T11:43:41.477] [INFO] access - ::1 - - "GET /news HTTP/1.1" 200 406 "" "Mozilla/5.0 (Windows NT 10.0; Win64; x64) AppleWebKit/537.36 (KHTML, like Gecko) Chrome/73.0.3683.86 Safari/537.36"
[2019-04-08T11:45:01.222] [INFO] access - ::1 - - "GET /news HTTP/1.1" 200 406 "" "Mozilla/5.0 (Windows NT 10.0; Win64; x64) AppleWebKit/537.36 (KHTML, like Gecko) Chrome/73.0.3683.86 Safari/537.36"
[2019-04-08T11:45:02.507] [INFO] access - ::1 - - "GET /news HTTP/1.1" 200 406 "" "Mozilla/5.0 (Windows NT 10.0; Win64; x64) AppleWebKit/537.36 (KHTML, like Gecko) Chrome/73.0.3683.86 Safari/537.36"
[2019-04-08T11:45:02.706] [INFO] access - ::1 - - "GET /news HTTP/1.1" 200 406 "" "Mozilla/5.0 (Windows NT 10.0; Win64; x64) AppleWebKit/537.36 (KHTML, like Gecko) Chrome/73.0.3683.86 Safari/537.36"
[2019-04-08T11:45:13.285] [INFO] access - ::1 - - "GET /news HTTP/1.1" 200 406 "" "Mozilla/5.0 (Windows NT 10.0; Win64; x64) AppleWebKit/537.36 (KHTML, like Gecko) Chrome/73.0.3683.86 Safari/537.36"
[2019-04-08T11:45:13.902] [INFO] access - ::1 - - "GET /news HTTP/1.1" 200 406 "" "Mozilla/5.0 (Windows NT 10.0; Win64; x64) AppleWebKit/537.36 (KHTML, like Gecko) Chrome/73.0.3683.86 Safari/537.36"
[2019-04-08T11:45:14.101] [INFO] access - ::1 - - "GET /news HTTP/1.1" 200 406 "" "Mozilla/5.0 (Windows NT 10.0; Win64; x64) AppleWebKit/537.36 (KHTML, like Gecko) Chrome/73.0.3683.86 Safari/537.36"
[2019-04-08T11:45:59.208] [INFO] access - ::1 - - "GET /news HTTP/1.1" 200 406 "" "Mozilla/5.0 (Windows NT 10.0; Win64; x64) AppleWebKit/537.36 (KHTML, like Gecko) Chrome/73.0.3683.86 Safari/537.36"
[2019-04-08T11:45:59.894] [INFO] access - ::1 - - "GET /news HTTP/1.1" 200 406 "" "Mozilla/5.0 (Windows NT 10.0; Win64; x64) AppleWebKit/537.36 (KHTML, like Gecko) Chrome/73.0.3683.86 Safari/537.36"
[2019-04-08T11:46:00.085] [INFO] access - ::1 - - "GET /news HTTP/1.1" 200 406 "" "Mozilla/5.0 (Windows NT 10.0; Win64; x64) AppleWebKit/537.36 (KHTML, like Gecko) Chrome/73.0.3683.86 Safari/537.36"
[2019-04-08T11:46:23.674] [INFO] access - ::1 - - "GET /news HTTP/1.1" 200 459 "" "Mozilla/5.0 (Windows NT 10.0; Win64; x64) AppleWebKit/537.36 (KHTML, like Gecko) Chrome/73.0.3683.86 Safari/537.36"
[2019-04-08T11:46:24.431] [INFO] access - ::1 - - "GET /news HTTP/1.1" 200 459 "" "Mozilla/5.0 (Windows NT 10.0; Win64; x64) AppleWebKit/537.36 (KHTML, like Gecko) Chrome/73.0.3683.86 Safari/537.36"
[2019-04-08T11:46:24.653] [INFO] access - ::1 - - "GET /news HTTP/1.1" 200 459 "" "Mozilla/5.0 (Windows NT 10.0; Win64; x64) AppleWebKit/537.36 (KHTML, like Gecko) Chrome/73.0.3683.86 Safari/537.36"
[2019-04-08T11:47:06.218] [INFO] access - ::1 - - "GET /news HTTP/1.1" 200 459 "" "Mozilla/5.0 (Windows NT 10.0; Win64; x64) AppleWebKit/537.36 (KHTML, like Gecko) Chrome/73.0.3683.86 Safari/537.36"
[2019-04-08T11:47:25.535] [INFO] access - ::1 - - "GET /news HTTP/1.1" 200 459 "" "Mozilla/5.0 (Windows NT 10.0; Win64; x64) AppleWebKit/537.36 (KHTML, like Gecko) Chrome/73.0.3683.86 Safari/537.36"
[2019-04-08T11:47:26.024] [INFO] access - ::1 - - "GET /news HTTP/1.1" 200 459 "" "Mozilla/5.0 (Windows NT 10.0; Win64; x64) AppleWebKit/537.36 (KHTML, like Gecko) Chrome/73.0.3683.86 Safari/537.36"
[2019-04-08T11:47:43.082] [INFO] access - ::1 - - "GET /news HTTP/1.1" 200 459 "" "Mozilla/5.0 (Windows NT 10.0; Win64; x64) AppleWebKit/537.36 (KHTML, like Gecko) Chrome/73.0.3683.86 Safari/537.36"
[2019-04-08T11:47:49.784] [INFO] access - ::1 - - "GET /news HTTP/1.1" 200 459 "" "Mozilla/5.0 (Windows NT 10.0; Win64; x64) AppleWebKit/537.36 (KHTML, like Gecko) Chrome/73.0.3683.86 Safari/537.36"
[2019-04-08T11:47:54.435] [INFO] access - ::1 - - "GET / HTTP/1.1" 200 330 "" "Mozilla/5.0 (Windows NT 10.0; Win64; x64) AppleWebKit/537.36 (KHTML, like Gecko) Chrome/73.0.3683.86 Safari/537.36"
[2019-04-08T11:47:59.222] [INFO] access - ::1 - - "GET / HTTP/1.1" 200 330 "" "Mozilla/5.0 (Windows NT 10.0; Win64; x64) AppleWebKit/537.36 (KHTML, like Gecko) Chrome/73.0.3683.86 Safari/537.36"
[2019-04-08T11:47:59.630] [INFO] access - ::1 - - "GET / HTTP/1.1" 200 330 "" "Mozilla/5.0 (Windows NT 10.0; Win64; x64) AppleWebKit/537.36 (KHTML, like Gecko) Chrome/73.0.3683.86 Safari/537.36"
[2019-04-08T11:48:18.383] [INFO] access - ::1 - - "GET / HTTP/1.1" 200 384 "" "Mozilla/5.0 (Windows NT 10.0; Win64; x64) AppleWebKit/537.36 (KHTML, like Gecko) Chrome/73.0.3683.86 Safari/537.36"
[2019-04-08T11:48:19.511] [INFO] access - ::1 - - "GET / HTTP/1.1" 200 384 "" "Mozilla/5.0 (Windows NT 10.0; Win64; x64) AppleWebKit/537.36 (KHTML, like Gecko) Chrome/73.0.3683.86 Safari/537.36"
[2019-04-08T11:48:19.692] [INFO] access - ::1 - - "GET / HTTP/1.1" 200 384 "" "Mozilla/5.0 (Windows NT 10.0; Win64; x64) AppleWebKit/537.36 (KHTML, like Gecko) Chrome/73.0.3683.86 Safari/537.36"
[2019-04-08T11:48:28.290] [INFO] access - ::1 - - "GET / HTTP/1.1" 200 384 "" "Mozilla/5.0 (Windows NT 10.0; Win64; x64) AppleWebKit/537.36 (KHTML, like Gecko) Chrome/73.0.3683.86 Safari/537.36"
[2019-04-08T11:48:28.741] [INFO] access - ::1 - - "GET / HTTP/1.1" 200 384 "" "Mozilla/5.0 (Windows NT 10.0; Win64; x64) AppleWebKit/537.36 (KHTML, like Gecko) Chrome/73.0.3683.86 Safari/537.36"
[2019-04-08T11:49:30.613] [INFO] access - ::1 - - "GET / HTTP/1.1" 200 384 "" "Mozilla/5.0 (Windows NT 10.0; Win64; x64) AppleWebKit/537.36 (KHTML, like Gecko) Chrome/73.0.3683.86 Safari/537.36"
[2019-04-08T11:49:31.139] [INFO] access - ::1 - - "GET / HTTP/1.1" 200 384 "" "Mozilla/5.0 (Windows NT 10.0; Win64; x64) AppleWebKit/537.36 (KHTML, like Gecko) Chrome/73.0.3683.86 Safari/537.36"
[2019-04-08T11:49:31.499] [INFO] access - ::1 - - "GET / HTTP/1.1" 200 384 "" "Mozilla/5.0 (Windows NT 10.0; Win64; x64) AppleWebKit/537.36 (KHTML, like Gecko) Chrome/73.0.3683.86 Safari/537.36"
[2019-04-08T11:49:46.533] [INFO] access - ::1 - - "GET / HTTP/1.1" 200 384 "" "Mozilla/5.0 (Windows NT 10.0; Win64; x64) AppleWebKit/537.36 (KHTML, like Gecko) Chrome/73.0.3683.86 Safari/537.36"
[2019-04-08T11:49:47.236] [INFO] access - ::1 - - "GET / HTTP/1.1" 200 384 "" "Mozilla/5.0 (Windows NT 10.0; Win64; x64) AppleWebKit/537.36 (KHTML, like Gecko) Chrome/73.0.3683.86 Safari/537.36"
[2019-04-08T11:50:16.544] [INFO] access - ::1 - - "GET / HTTP/1.1" 200 384 "" "Mozilla/5.0 (Windows NT 10.0; Win64; x64) AppleWebKit/537.36 (KHTML, like Gecko) Chrome/73.0.3683.86 Safari/537.36"
[2019-04-08T11:50:22.252] [INFO] access - ::1 - - "GET /news HTTP/1.1" 200 459 "" "Mozilla/5.0 (Windows NT 10.0; Win64; x64) AppleWebKit/537.36 (KHTML, like Gecko) Chrome/73.0.3683.86 Safari/537.36"
[2019-04-08T11:50:46.069] [INFO] access - ::1 - - "GET / HTTP/1.1" 200 390 "" "Mozilla/5.0 (Windows NT 10.0; Win64; x64) AppleWebKit/537.36 (KHTML, like Gecko) Chrome/73.0.3683.86 Safari/537.36"
[2019-04-08T11:51:34.196] [INFO] access - ::1 - - "GET / HTTP/1.1" 200 371 "" "Mozilla/5.0 (Windows NT 10.0; Win64; x64) AppleWebKit/537.36 (KHTML, like Gecko) Chrome/73.0.3683.86 Safari/537.36"
[2019-04-08T11:51:34.947] [INFO] access - ::1 - - "GET / HTTP/1.1" 200 371 "" "Mozilla/5.0 (Windows NT 10.0; Win64; x64) AppleWebKit/537.36 (KHTML, like Gecko) Chrome/73.0.3683.86 Safari/537.36"
[2019-04-08T11:51:35.148] [INFO] access - ::1 - - "GET / HTTP/1.1" 200 371 "" "Mozilla/5.0 (Windows NT 10.0; Win64; x64) AppleWebKit/537.36 (KHTML, like Gecko) Chrome/73.0.3683.86 Safari/537.36"
[2019-04-08T11:51:43.773] [INFO] access - ::1 - - "GET / HTTP/1.1" 200 372 "" "Mozilla/5.0 (Windows NT 10.0; Win64; x64) AppleWebKit/537.36 (KHTML, like Gecko) Chrome/73.0.3683.86 Safari/537.36"
[2019-04-08T11:51:46.957] [INFO] access - ::1 - - "GET /news HTTP/1.1" 200 459 "" "Mozilla/5.0 (Windows NT 10.0; Win64; x64) AppleWebKit/537.36 (KHTML, like Gecko) Chrome/73.0.3683.86 Safari/537.36"
[2019-04-08T11:51:54.245] [INFO] access - ::1 - - "GET /index.html HTTP/1.1" 200 372 "" "Mozilla/5.0 (Windows NT 10.0; Win64; x64) AppleWebKit/537.36 (KHTML, like Gecko) Chrome/73.0.3683.86 Safari/537.36"
[2019-04-08T11:52:34.340] [INFO] access - ::1 - - "GET /index.html HTTP/1.1" 200 379 "" "Mozilla/5.0 (Windows NT 10.0; Win64; x64) AppleWebKit/537.36 (KHTML, like Gecko) Chrome/73.0.3683.86 Safari/537.36"
[2019-04-08T11:52:49.404] [INFO] access - ::1 - - "GET /index.html HTTP/1.1" 200 409 "" "Mozilla/5.0 (Windows NT 10.0; Win64; x64) AppleWebKit/537.36 (KHTML, like Gecko) Chrome/73.0.3683.86 Safari/537.36"
[2019-04-08T11:52:50.149] [INFO] access - ::1 - - "GET /index.html HTTP/1.1" 200 409 "" "Mozilla/5.0 (Windows NT 10.0; Win64; x64) AppleWebKit/537.36 (KHTML, like Gecko) Chrome/73.0.3683.86 Safari/537.36"
[2019-04-08T11:52:50.365] [INFO] access - ::1 - - "GET /index.html HTTP/1.1" 200 409 "" "Mozilla/5.0 (Windows NT 10.0; Win64; x64) AppleWebKit/537.36 (KHTML, like Gecko) Chrome/73.0.3683.86 Safari/537.36"
[2019-04-08T11:52:51.349] [INFO] access - ::1 - - "GET /index.html HTTP/1.1" 200 409 "" "Mozilla/5.0 (Windows NT 10.0; Win64; x64) AppleWebKit/537.36 (KHTML, like Gecko) Chrome/73.0.3683.86 Safari/537.36"
[2019-04-08T11:52:51.538] [INFO] access - ::1 - - "GET /index.html HTTP/1.1" 200 409 "" "Mozilla/5.0 (Windows NT 10.0; Win64; x64) AppleWebKit/537.36 (KHTML, like Gecko) Chrome/73.0.3683.86 Safari/537.36"
[2019-04-08T11:52:55.469] [INFO] access - ::1 - - "GET /index.html HTTP/1.1" 200 409 "" "Mozilla/5.0 (Windows NT 10.0; Win64; x64) AppleWebKit/537.36 (KHTML, like Gecko) Chrome/73.0.3683.86 Safari/537.36"
[2019-04-08T11:52:55.909] [INFO] access - ::1 - - "GET /index.html HTTP/1.1" 200 409 "" "Mozilla/5.0 (Windows NT 10.0; Win64; x64) AppleWebKit/537.36 (KHTML, like Gecko) Chrome/73.0.3683.86 Safari/537.36"
[2019-04-08T11:52:56.114] [INFO] access - ::1 - - "GET /index.html HTTP/1.1" 200 409 "" "Mozilla/5.0 (Windows NT 10.0; Win64; x64) AppleWebKit/537.36 (KHTML, like Gecko) Chrome/73.0.3683.86 Safari/537.36"
[2019-04-08T11:54:31.510] [INFO] access - ::1 - - "GET /index.html HTTP/1.1" 200 409 "" "Mozilla/5.0 (Windows NT 10.0; Win64; x64) AppleWebKit/537.36 (KHTML, like Gecko) Chrome/73.0.3683.86 Safari/537.36"
[2019-04-08T11:54:32.334] [INFO] access - ::1 - - "GET /index.html HTTP/1.1" 200 409 "" "Mozilla/5.0 (Windows NT 10.0; Win64; x64) AppleWebKit/537.36 (KHTML, like Gecko) Chrome/73.0.3683.86 Safari/537.36"
[2019-04-08T11:54:37.259] [INFO] access - ::1 - - "GET /news HTTP/1.1" 200 459 "" "Mozilla/5.0 (Windows NT 10.0; Win64; x64) AppleWebKit/537.36 (KHTML, like Gecko) Chrome/73.0.3683.86 Safari/537.36"
[2019-04-08T11:54:42.702] [INFO] access - ::1 - - "GET / HTTP/1.1" 200 409 "" "Mozilla/5.0 (Windows NT 10.0; Win64; x64) AppleWebKit/537.36 (KHTML, like Gecko) Chrome/73.0.3683.86 Safari/537.36"
[2019-04-08T11:54:59.767] [INFO] access - ::1 - - "GET / HTTP/1.1" 200 378 "" "Mozilla/5.0 (Windows NT 10.0; Win64; x64) AppleWebKit/537.36 (KHTML, like Gecko) Chrome/73.0.3683.86 Safari/537.36"
[2019-04-08T11:55:00.723] [INFO] access - ::1 - - "GET / HTTP/1.1" 200 378 "" "Mozilla/5.0 (Windows NT 10.0; Win64; x64) AppleWebKit/537.36 (KHTML, like Gecko) Chrome/73.0.3683.86 Safari/537.36"
[2019-04-08T11:55:00.908] [INFO] access - ::1 - - "GET / HTTP/1.1" 200 378 "" "Mozilla/5.0 (Windows NT 10.0; Win64; x64) AppleWebKit/537.36 (KHTML, like Gecko) Chrome/73.0.3683.86 Safari/537.36"
[2019-04-08T11:55:19.197] [INFO] access - ::1 - - "GET / HTTP/1.1" 200 378 "" "Mozilla/5.0 (Windows NT 10.0; Win64; x64) AppleWebKit/537.36 (KHTML, like Gecko) Chrome/73.0.3683.86 Safari/537.36"
[2019-04-08T11:55:45.637] [INFO] access - ::1 - - "GET / HTTP/1.1" 200 378 "" "Mozilla/5.0 (Windows NT 10.0; Win64; x64) AppleWebKit/537.36 (KHTML, like Gecko) Chrome/73.0.3683.86 Safari/537.36"
[2019-04-08T11:56:07.951] [INFO] access - ::1 - - "GET / HTTP/1.1" 200 385 "" "Mozilla/5.0 (Windows NT 10.0; Win64; x64) AppleWebKit/537.36 (KHTML, like Gecko) Chrome/73.0.3683.86 Safari/537.36"
[2019-04-08T14:30:50.777] [INFO] access - ::1 - - "GET / HTTP/1.1" 200 385 "" "Mozilla/5.0 (Windows NT 10.0; Win64; x64) AppleWebKit/537.36 (KHTML, like Gecko) Chrome/73.0.3683.86 Safari/537.36"
[2019-04-08T14:32:35.784] [INFO] access - ::1 - - "GET / HTTP/1.1" 200 385 "" "Mozilla/5.0 (Windows NT 10.0; Win64; x64) AppleWebKit/537.36 (KHTML, like Gecko) Chrome/73.0.3683.86 Safari/537.36"
[2019-04-08T14:33:01.402] [INFO] access - ::1 - - "GET / HTTP/1.1" 200 385 "" "Mozilla/5.0 (Windows NT 10.0; Win64; x64) AppleWebKit/537.36 (KHTML, like Gecko) Chrome/73.0.3683.86 Safari/537.36"
[2019-04-08T14:34:19.774] [INFO] access - ::1 - - "GET / HTTP/1.1" 200 382 "" "Mozilla/5.0 (Windows NT 10.0; Win64; x64) AppleWebKit/537.36 (KHTML, like Gecko) Chrome/73.0.3683.86 Safari/537.36"
[2019-04-08T14:41:10.002] [INFO] access - ::1 - - "GET / HTTP/1.1" 200 32431 "" "Mozilla/5.0 (Windows NT 10.0; Win64; x64) AppleWebKit/537.36 (KHTML, like Gecko) Chrome/73.0.3683.86 Safari/537.36"
[2019-04-08T14:42:10.817] [INFO] access - ::1 - - "GET / HTTP/1.1" 200 4984 "" "Mozilla/5.0 (Windows NT 10.0; Win64; x64) AppleWebKit/537.36 (KHTML, like Gecko) Chrome/73.0.3683.86 Safari/537.36"
[2019-04-08T15:11:25.341] [INFO] access - ::1 - - "GET / HTTP/1.1" 200 4984 "" "Mozilla/5.0 (Windows NT 10.0; Win64; x64) AppleWebKit/537.36 (KHTML, like Gecko) Chrome/73.0.3683.86 Safari/537.36"
[2019-04-08T15:11:26.643] [INFO] access - ::1 - - "GET / HTTP/1.1" 200 4984 "" "Mozilla/5.0 (Windows NT 10.0; Win64; x64) AppleWebKit/537.36 (KHTML, like Gecko) Chrome/73.0.3683.86 Safari/537.36"
[2019-04-08T15:12:06.267] [INFO] access - ::1 - - "GET / HTTP/1.1" 200 4984 "" "Mozilla/5.0 (Windows NT 10.0; Win64; x64) AppleWebKit/537.36 (KHTML, like Gecko) Chrome/73.0.3683.86 Safari/537.36"
[2019-04-08T15:12:07.349] [INFO] access - ::1 - - "GET / HTTP/1.1" 200 4984 "" "Mozilla/5.0 (Windows NT 10.0; Win64; x64) AppleWebKit/537.36 (KHTML, like Gecko) Chrome/73.0.3683.86 Safari/537.36"
[2019-04-08T15:12:08.143] [INFO] access - ::1 - - "GET / HTTP/1.1" 200 4984 "" "Mozilla/5.0 (Windows NT 10.0; Win64; x64) AppleWebKit/537.36 (KHTML, like Gecko) Chrome/73.0.3683.86 Safari/537.36"
[2019-04-08T15:13:37.577] [INFO] access - ::1 - - "GET / HTTP/1.1" 200 4984 "" "Mozilla/5.0 (Windows NT 10.0; Win64; x64) AppleWebKit/537.36 (KHTML, like Gecko) Chrome/73.0.3683.86 Safari/537.36"
[2019-04-08T15:13:38.799] [INFO] access - ::1 - - "GET / HTTP/1.1" 200 4984 "" "Mozilla/5.0 (Windows NT 10.0; Win64; x64) AppleWebKit/537.36 (KHTML, like Gecko) Chrome/73.0.3683.86 Safari/537.36"
[2019-04-08T15:15:53.548] [INFO] access - ::1 - - "GET / HTTP/1.1" 200 4984 "" "Mozilla/5.0 (Windows NT 10.0; Win64; x64) AppleWebKit/537.36 (KHTML, like Gecko) Chrome/73.0.3683.86 Safari/537.36"
[2019-04-08T15:18:39.041] [INFO] access - ::1 - - "GET / HTTP/1.1" 200 4984 "" "Mozilla/5.0 (Windows NT 10.0; Win64; x64) AppleWebKit/537.36 (KHTML, like Gecko) Chrome/73.0.3683.86 Safari/537.36"
[2019-04-08T15:18:39.053] [INFO] access - ::1 - - "GET /styles/index.css HTTP/1.1" 404 - "http://localhost:9999/" "Mozilla/5.0 (Windows NT 10.0; Win64; x64) AppleWebKit/537.36 (KHTML, like Gecko) Chrome/73.0.3683.86 Safari/537.36"
[2019-04-08T15:19:17.248] [INFO] access - ::1 - - "GET / HTTP/1.1" 200 4983 "" "Mozilla/5.0 (Windows NT 10.0; Win64; x64) AppleWebKit/537.36 (KHTML, like Gecko) Chrome/73.0.3683.86 Safari/537.36"
[2019-04-08T15:19:20.757] [INFO] access - ::1 - - "GET / HTTP/1.1" 200 4983 "" "Mozilla/5.0 (Windows NT 10.0; Win64; x64) AppleWebKit/537.36 (KHTML, like Gecko) Chrome/73.0.3683.86 Safari/537.36"
[2019-04-08T15:24:11.860] [INFO] access - ::1 - - "GET / HTTP/1.1" 200 4983 "" "Mozilla/5.0 (Windows NT 10.0; Win64; x64) AppleWebKit/537.36 (KHTML, like Gecko) Chrome/73.0.3683.86 Safari/537.36"
[2019-04-08T15:31:09.350] [INFO] access - ::1 - - "GET / HTTP/1.1" 200 4983 "" "Mozilla/5.0 (Windows NT 10.0; Win64; x64) AppleWebKit/537.36 (KHTML, like Gecko) Chrome/73.0.3683.86 Safari/537.36"
[2019-04-08T15:31:11.320] [INFO] access - ::1 - - "GET / HTTP/1.1" 200 4983 "" "Mozilla/5.0 (Windows NT 10.0; Win64; x64) AppleWebKit/537.36 (KHTML, like Gecko) Chrome/73.0.3683.86 Safari/537.36"
[2019-04-08T15:31:35.447] [INFO] access - ::1 - - "GET / HTTP/1.1" 200 4985 "" "Mozilla/5.0 (Windows NT 10.0; Win64; x64) AppleWebKit/537.36 (KHTML, like Gecko) Chrome/73.0.3683.86 Safari/537.36"
[2019-04-08T15:31:35.458] [INFO] access - ::1 - - "GET /styles/index.scss HTTP/1.1" 404 - "http://localhost:9999/" "Mozilla/5.0 (Windows NT 10.0; Win64; x64) AppleWebKit/537.36 (KHTML, like Gecko) Chrome/73.0.3683.86 Safari/537.36"
[2019-04-08T15:31:36.819] [INFO] access - ::1 - - "GET / HTTP/1.1" 200 4985 "" "Mozilla/5.0 (Windows NT 10.0; Win64; x64) AppleWebKit/537.36 (KHTML, like Gecko) Chrome/73.0.3683.86 Safari/537.36"
[2019-04-08T15:31:36.830] [INFO] access - ::1 - - "GET /styles/index.scss HTTP/1.1" 404 - "http://localhost:9999/" "Mozilla/5.0 (Windows NT 10.0; Win64; x64) AppleWebKit/537.36 (KHTML, like Gecko) Chrome/73.0.3683.86 Safari/537.36"
[2019-04-08T15:33:02.306] [INFO] access - ::1 - - "GET / HTTP/1.1" 200 4985 "" "Mozilla/5.0 (Windows NT 10.0; Win64; x64) AppleWebKit/537.36 (KHTML, like Gecko) Chrome/73.0.3683.86 Safari/537.36"
[2019-04-08T15:33:02.326] [INFO] access - ::1 - - "GET /styles/index.scss HTTP/1.1" 404 - "http://localhost:9999/" "Mozilla/5.0 (Windows NT 10.0; Win64; x64) AppleWebKit/537.36 (KHTML, like Gecko) Chrome/73.0.3683.86 Safari/537.36"
[2019-04-08T15:44:01.718] [INFO] access - ::1 - - "GET / HTTP/1.1" 200 4985 "" "Mozilla/5.0 (Windows NT 10.0; Win64; x64) AppleWebKit/537.36 (KHTML, like Gecko) Chrome/73.0.3683.86 Safari/537.36"
[2019-04-08T15:44:01.735] [INFO] access - ::1 - - "GET /styles/index.scss HTTP/1.1" 404 - "http://localhost:9999/" "Mozilla/5.0 (Windows NT 10.0; Win64; x64) AppleWebKit/537.36 (KHTML, like Gecko) Chrome/73.0.3683.86 Safari/537.36"
[2019-04-08T15:44:03.907] [INFO] access - ::1 - - "GET / HTTP/1.1" 200 4985 "" "Mozilla/5.0 (Windows NT 10.0; Win64; x64) AppleWebKit/537.36 (KHTML, like Gecko) Chrome/73.0.3683.86 Safari/537.36"
[2019-04-08T15:44:03.916] [INFO] access - ::1 - - "GET /styles/index.scss HTTP/1.1" 404 - "http://localhost:9999/" "Mozilla/5.0 (Windows NT 10.0; Win64; x64) AppleWebKit/537.36 (KHTML, like Gecko) Chrome/73.0.3683.86 Safari/537.36"
[2019-04-08T15:44:08.620] [INFO] access - ::1 - - "GET /styles/index.scss HTTP/1.1" 404 - "http://localhost:9999/" "Mozilla/5.0 (Windows NT 10.0; Win64; x64) AppleWebKit/537.36 (KHTML, like Gecko) Chrome/73.0.3683.86 Safari/537.36"
[2019-04-08T15:44:34.384] [INFO] access - ::1 - - "GET / HTTP/1.1" 200 4985 "" "Mozilla/5.0 (Windows NT 10.0; Win64; x64) AppleWebKit/537.36 (KHTML, like Gecko) Chrome/73.0.3683.86 Safari/537.36"
[2019-04-08T15:44:34.396] [INFO] access - ::1 - - "GET /styles/index.scss HTTP/1.1" 404 - "http://localhost:9999/" "Mozilla/5.0 (Windows NT 10.0; Win64; x64) AppleWebKit/537.36 (KHTML, like Gecko) Chrome/73.0.3683.86 Safari/537.36"
[2019-04-08T15:44:48.528] [INFO] access - ::1 - - "GET / HTTP/1.1" 200 4985 "" "Mozilla/5.0 (Windows NT 10.0; Win64; x64) AppleWebKit/537.36 (KHTML, like Gecko) Chrome/73.0.3683.86 Safari/537.36"
[2019-04-08T15:44:48.537] [INFO] access - ::1 - - "GET /styles/index.scss HTTP/1.1" 404 - "http://localhost:9999/" "Mozilla/5.0 (Windows NT 10.0; Win64; x64) AppleWebKit/537.36 (KHTML, like Gecko) Chrome/73.0.3683.86 Safari/537.36"
[2019-04-08T15:46:15.616] [INFO] access - ::1 - - "GET / HTTP/1.1" 200 4985 "" "Mozilla/5.0 (Windows NT 10.0; Win64; x64) AppleWebKit/537.36 (KHTML, like Gecko) Chrome/73.0.3683.86 Safari/537.36"
[2019-04-08T15:46:15.627] [INFO] access - ::1 - - "GET /styles/index.scss HTTP/1.1" 404 - "http://localhost:9999/" "Mozilla/5.0 (Windows NT 10.0; Win64; x64) AppleWebKit/537.36 (KHTML, like Gecko) Chrome/73.0.3683.86 Safari/537.36"
[2019-04-08T15:46:49.557] [INFO] access - ::1 - - "GET / HTTP/1.1" 200 4984 "" "Mozilla/5.0 (Windows NT 10.0; Win64; x64) AppleWebKit/537.36 (KHTML, like Gecko) Chrome/73.0.3683.86 Safari/537.36"
[2019-04-08T15:47:50.479] [INFO] access - ::1 - - "GET / HTTP/1.1" 200 4984 "" "Mozilla/5.0 (Windows NT 10.0; Win64; x64) AppleWebKit/537.36 (KHTML, like Gecko) Chrome/73.0.3683.86 Safari/537.36"
[2019-04-08T15:48:47.001] [INFO] access - ::1 - - "GET / HTTP/1.1" 200 4984 "" "Mozilla/5.0 (Windows NT 10.0; Win64; x64) AppleWebKit/537.36 (KHTML, like Gecko) Chrome/73.0.3683.86 Safari/537.36"
[2019-04-08T15:49:03.115] [INFO] access - ::1 - - "GET / HTTP/1.1" 200 4984 "" "Mozilla/5.0 (Windows NT 10.0; Win64; x64) AppleWebKit/537.36 (KHTML, like Gecko) Chrome/73.0.3683.86 Safari/537.36"
[2019-04-08T15:50:28.661] [INFO] access - ::1 - - "GET / HTTP/1.1" 200 4984 "" "Mozilla/5.0 (Windows NT 10.0; Win64; x64) AppleWebKit/537.36 (KHTML, like Gecko) Chrome/73.0.3683.86 Safari/537.36"
[2019-04-08T15:50:30.401] [INFO] access - ::1 - - "GET / HTTP/1.1" 200 4984 "" "Mozilla/5.0 (Windows NT 10.0; Win64; x64) AppleWebKit/537.36 (KHTML, like Gecko) Chrome/73.0.3683.86 Safari/537.36"
[2019-04-08T16:04:31.766] [INFO] access - ::1 - - "GET / HTTP/1.1" 200 4984 "" "Mozilla/5.0 (Windows NT 10.0; Win64; x64) AppleWebKit/537.36 (KHTML, like Gecko) Chrome/73.0.3683.86 Safari/537.36"
[2019-04-08T16:04:58.522] [INFO] access - ::1 - - "GET / HTTP/1.1" 200 4984 "" "Mozilla/5.0 (Windows NT 10.0; Win64; x64) AppleWebKit/537.36 (KHTML, like Gecko) Chrome/73.0.3683.86 Safari/537.36"
[2019-04-08T17:07:46.708] [INFO] access - ::1 - - "GET / HTTP/1.1" 200 4984 "" "Mozilla/5.0 (Windows NT 10.0; Win64; x64) AppleWebKit/537.36 (KHTML, like Gecko) Chrome/73.0.3683.86 Safari/537.36"
